<?xml version="1.0" encoding="UTF-8"?>
<!-- Generated by org.testng.reporters.JUnitReportReporter -->
<testsuite hostname="Dell-PC" failures="0" tests="1" name="utilities.Excelread" time="0.714" errors="0" timestamp="29 Apr 2021 13:09:54 GMT" skipped="0">
  <testcase classname="utilities.Excelread" name="doit" time="0.714"/>
</testsuite> <!-- utilities.Excelread -->
