<?xml version="1.0" encoding="UTF-8"?>
<!-- Generated by org.testng.reporters.JUnitReportReporter -->
<testsuite hostname="Dell-PC" failures="0" tests="1" name="data.TC001_Get_whether" time="0.006" errors="0" timestamp="02 May 2021 06:46:59 GMT" skipped="0">
  <testcase classname="data.TC001_Get_whether" name="get" time="0.006"/>
</testsuite> <!-- data.TC001_Get_whether -->
