<?xml version="1.0" encoding="UTF-8"?>
<!-- Generated by org.testng.reporters.JUnitReportReporter -->
<testsuite hostname="Dell-PC" failures="0" tests="1" name="restassuredautomation.TC001_Get_whether" time="1.567" errors="0" timestamp="28 Apr 2021 04:29:48 GMT" skipped="0">
  <testcase classname="restassuredautomation.TC001_Get_whether" name="get" time="1.567"/>
</testsuite> <!-- restassuredautomation.TC001_Get_whether -->
