<?xml version="1.0" encoding="UTF-8"?>
<!-- Generated by org.testng.reporters.JUnitReportReporter -->
<testsuite hostname="Dell-PC" failures="0" tests="3" name="data.TC001_Get_whether" time="2.138" errors="0" timestamp="02 May 2021 08:58:07 GMT" skipped="0">
  <testcase classname="data.TC001_Get_whether" name="get" time="0.425"/>
  <testcase classname="data.TC001_Get_whether" name="get" time="0.420"/>
  <testcase classname="data.TC001_Get_whether" name="get" time="1.293"/>
</testsuite> <!-- data.TC001_Get_whether -->
