<?xml version="1.0" encoding="UTF-8"?>
<!-- Generated by org.testng.reporters.JUnitReportReporter -->
<testsuite skipped="0" hostname="Dell-PC" name="data.TC001_Get_whether" tests="3" failures="0" timestamp="01 May 2021 16:06:40 GMT" time="3.740" errors="0">
  <testcase name="get" time="0.065" classname="data.TC001_Get_whether"/>
  <testcase name="get" time="3.566" classname="data.TC001_Get_whether"/>
  <testcase name="get" time="0.109" classname="data.TC001_Get_whether"/>
</testsuite> <!-- data.TC001_Get_whether -->
