<?xml version="1.0" encoding="UTF-8"?>
<!-- Generated by org.testng.reporters.JUnitReportReporter -->
<testsuite skipped="0" hostname="Dell-PC" name="data.TC001_Get_whether" tests="3" failures="0" timestamp="02 May 2021 09:01:26 GMT" time="3.681" errors="0">
  <testcase name="get" time="2.973" classname="data.TC001_Get_whether"/>
  <testcase name="get" time="0.481" classname="data.TC001_Get_whether"/>
  <testcase name="get" time="0.227" classname="data.TC001_Get_whether"/>
</testsuite> <!-- data.TC001_Get_whether -->
